
Windows IP Configuration


Unknown adapter NordLynx:

   Media State . . . . . . . . . . . : Media disconnected
   Connection-specific DNS Suffix  . : 

Ethernet adapter Ethernet 2:

   Media State . . . . . . . . . . . : Media disconnected
   Connection-specific DNS Suffix  . : 

Wireless LAN adapter Local Area Connection* 1:

   Media State . . . . . . . . . . . : Media disconnected
   Connection-specific DNS Suffix  . : 

Wireless LAN adapter Local Area Connection* 2:

   Media State . . . . . . . . . . . : Media disconnected
   Connection-specific DNS Suffix  . : 

Wireless LAN adapter Wi-Fi:

   Connection-specific DNS Suffix  . : domain.name
   Link-local IPv6 Address . . . . . : fe80::d915:e93a:ad09:9e34%4
   IPv4 Address. . . . . . . . . . . : 192.168.2.6
   Subnet Mask . . . . . . . . . . . : 255.255.255.0
   Default Gateway . . . . . . . . . : fe80::217:7cff:fe70:4036%4
                                       192.168.2.1
